<?xml version="1.0" encoding="UTF-8"?>
<testsuite xmlns:xsi="http://www.w3.org/2001/XMLSchema-instance" xsi:noNamespaceSchemaLocation="https://maven.apache.org/surefire/maven-surefire-plugin/xsd/surefire-test-report.xsd" name="testPackage.MatrixTest" time="0.108" tests="19" errors="0" skipped="0" failures="0">
  <properties>
[...]
</properties>
  <testcase name="subtractionOfTwoWrongMatrixShouldThrow" classname="testPackage.MatrixTest" time="0.005"/>
  <testcase name="additionOfTwoRightMatrixShouldReturnRightResult2" classname="testPackage.MatrixTest" time="0.002"/>
  <testcase name="miltiplicationOfTwoRightMatrixShouldReturnRightResult2" classname="testPackage.MatrixTest" time="0.002"/>
  <testcase name="multiplicationByNumberShouldReturnRightResultParameterized{int}[1]" classname="testPackage.MatrixTest" time="0.025"/>
  <testcase name="multiplicationByNumberShouldReturnRightResultParameterized{int}[2]" classname="testPackage.MatrixTest" time="0.001"/>
  <testcase name="multiplicationByNumberShouldReturnRightResultParameterized{int}[3]" classname="testPackage.MatrixTest" time="0"/>
  <testcase name="multiplicationByNumberShouldReturnRightResultParameterized{int}[4]" classname="testPackage.MatrixTest" time="0.001"/>
  <testcase name="multiplicationByNumberShouldReturnRightResultParameterized{int}[5]" classname="testPackage.MatrixTest" time="0"/>
  <testcase name="multiplicationByNumberShouldReturnRightResult" classname="testPackage.MatrixTest" time="0.001"/>
  <testcase name="multiplicationByNumberShouldReturnRightResult2" classname="testPackage.MatrixTest" time="0"/>
  <testcase name="additionOfTwoWrongMatrixShouldThrow" classname="testPackage.MatrixTest" time="0.001"/>
  <testcase name="subtractionOfTwoRightMatrixShouldReturnRightResult2" classname="testPackage.MatrixTest" time="0"/>
  <testcase name="additionMatrixFromFileShouldBeCorrect" classname="testPackage.MatrixTest" time="0.005"/>
  <testcase name="subtractionOfTwoRightMatrixShouldReturnRightResult" classname="testPackage.MatrixTest" time="0.001"/>
  <testcase name="additionOfTwoRightMatrixShouldReturnRightResult" classname="testPackage.MatrixTest" time="0"/>
  <testcase name="subtractionOfTwoWrongMatrixShouldThrow2" classname="testPackage.MatrixTest" time="0.001"/>
  <testcase name="miltiplicationOfTwoWrongMatrixShouldThrow" classname="testPackage.MatrixTest" time="0.001"/>
  <testcase name="multiplicationOfTwoRightMatrixShouldReturnRightResult" classname="testPackage.MatrixTest" time="0.001"/>
  <testcase name="additionOfTwoWrongMatrixShouldThrow2" classname="testPackage.MatrixTest" time="0.001"/>
</testsuite>